<?xml version="1.0" encoding="UTF-8"?>
<!-- Generated by org.testng.reporters.JUnitReportReporter -->
<testsuite hostname="Deepikas-MBP.attlocal.net" failures="0" tests="1" name="com.salesforce.testcases.TC01Test" time="17.000" errors="0" timestamp="2023-03-17T14:12:20 PDT" skipped="0">
  <testcase classname="com.salesforce.testcases.TC01Test" name="test" time="17.000"/>
  <system-out/>
</testsuite> <!-- com.salesforce.testcases.TC01Test -->
