<?xml version="1.0" encoding="UTF-8"?>
<!-- Generated by org.testng.reporters.JUnitReportReporter -->
<testsuite hostname="deepikas-mbp.lan" failures="0" tests="5" name="com.salesforce.testcases.CreateAccountTest" time="173.337" errors="0" timestamp="2023-04-02T21:38:39 PDT" skipped="0">
  <testcase classname="com.salesforce.testcases.CreateAccountTest" name="TC11" time="26.601"/>
  <system-out/>
  <testcase classname="com.salesforce.testcases.CreateAccountTest" name="TC10" time="37.654"/>
  <system-out/>
  <testcase classname="com.salesforce.testcases.CreateAccountTest" name="TC14" time="37.241"/>
  <system-out/>
  <testcase classname="com.salesforce.testcases.CreateAccountTest" name="TC12" time="35.000"/>
  <system-out/>
  <testcase classname="com.salesforce.testcases.CreateAccountTest" name="TC13" time="36.841"/>
  <system-out/>
</testsuite> <!-- com.salesforce.testcases.CreateAccountTest -->
