<?xml version="1.0" encoding="UTF-8"?>
<!-- Generated by org.testng.reporters.JUnitReportReporter -->
<testsuite hostname="deepikas-mbp.lan" failures="0" tests="1" name="com.salesforce.testcases.ContactsTest" time="33.215" errors="0" timestamp="2023-04-02T22:21:41 PDT" skipped="0">
  <testcase classname="com.salesforce.testcases.ContactsTest" name="TC28" time="33.215"/>
  <system-out/>
</testsuite> <!-- com.salesforce.testcases.ContactsTest -->
