<?xml version="1.0" encoding="UTF-8"?>
<!-- Generated by org.testng.reporters.JUnitReportReporter -->
<testsuite hostname="deepikas-mbp.lan" failures="0" tests="1" name="com.salesforce.testcases.RandomScenariosTest" time="41.096" errors="0" timestamp="2023-04-02T22:27:45 PDT" skipped="0">
  <testcase classname="com.salesforce.testcases.RandomScenariosTest" name="TC34" time="41.096"/>
  <system-out/>
</testsuite> <!-- com.salesforce.testcases.RandomScenariosTest -->
