<?xml version="1.0" encoding="UTF-8"?>
<!-- Generated by org.testng.reporters.JUnitReportReporter -->
<testsuite hostname="deepikas-mbp.lan" failures="0" tests="5" name="com.salesforce.testcases.CreateOpportunityTest" time="179.404" errors="0" timestamp="2023-04-02T21:45:52 PDT" skipped="0">
  <testcase classname="com.salesforce.testcases.CreateOpportunityTest" name="TC18" time="33.510"/>
  <system-out/>
  <testcase classname="com.salesforce.testcases.CreateOpportunityTest" name="TC16" time="53.197"/>
  <system-out/>
  <testcase classname="com.salesforce.testcases.CreateOpportunityTest" name="TC17" time="30.688"/>
  <system-out/>
  <testcase classname="com.salesforce.testcases.CreateOpportunityTest" name="TC15" time="28.586"/>
  <system-out/>
  <testcase classname="com.salesforce.testcases.CreateOpportunityTest" name="TC19" time="33.423"/>
  <system-out/>
</testsuite> <!-- com.salesforce.testcases.CreateOpportunityTest -->
