<?xml version="1.0" encoding="UTF-8"?>
<!-- Generated by org.testng.reporters.JUnitReportReporter -->
<testsuite hostname="deepikas-mbp.lan" failures="0" tests="5" name="com.salesforce.testcases.LeadsTest" time="183.816" errors="0" timestamp="2023-04-02T21:49:43 PDT" skipped="0">
  <testcase classname="com.salesforce.testcases.LeadsTest" name="TC21" time="34.867"/>
  <system-out/>
  <testcase classname="com.salesforce.testcases.LeadsTest" name="TC22" time="45.723"/>
  <system-out/>
  <testcase classname="com.salesforce.testcases.LeadsTest" name="TC23" time="33.177"/>
  <system-out/>
  <testcase classname="com.salesforce.testcases.LeadsTest" name="TC24" time="37.275"/>
  <system-out/>
  <testcase classname="com.salesforce.testcases.LeadsTest" name="TC20" time="32.774"/>
  <system-out/>
</testsuite> <!-- com.salesforce.testcases.LeadsTest -->
