<?xml version="1.0" encoding="UTF-8"?>
<!-- Generated by org.testng.reporters.JUnitReportReporter -->
<testsuite hostname="deepikas-mbp.lan" failures="0" tests="5" name="com.salesforce.testcases.LoginTest" time="98.172" errors="0" timestamp="2023-04-02T21:15:36 PDT" skipped="0">
  <testcase classname="com.salesforce.testcases.LoginTest" name="TC01" time="17.661"/>
  <system-out/>
  <testcase classname="com.salesforce.testcases.LoginTest" name="TC03" time="28.114"/>
  <system-out/>
  <testcase classname="com.salesforce.testcases.LoginTest" name="TC02" time="22.349"/>
  <system-out/>
  <testcase classname="com.salesforce.testcases.LoginTest" name="TC4B" time="10.743"/>
  <system-out/>
  <testcase classname="com.salesforce.testcases.LoginTest" name="TC4A" time="19.305"/>
  <system-out/>
</testsuite> <!-- com.salesforce.testcases.LoginTest -->
