<?xml version="1.0" encoding="UTF-8"?>
<!-- Generated by org.testng.reporters.JUnitReportReporter -->
<testsuite hostname="deepikas-mbp.lan" failures="0" tests="1" name="com.salesforce.testcases.UserMenuDropDownTest" time="70.175" errors="0" timestamp="2023-04-02T21:07:58 PDT" skipped="0">
  <testcase classname="com.salesforce.testcases.UserMenuDropDownTest" name="TC06" time="70.175"/>
  <system-out/>
</testsuite> <!-- com.salesforce.testcases.UserMenuDropDownTest -->
