<?xml version="1.0" encoding="UTF-8"?>
<!-- Generated by org.testng.reporters.JUnitReportReporter -->
<testsuite hostname="deepikas-mbp.lan" failures="0" tests="1" name="GoogleTest" time="3.805" errors="0" timestamp="2023-07-11T15:01:21 PDT" skipped="0">
  <testcase classname="GoogleTest" name="HomePageCheck" time="3.805"/>
  <system-out/>
</testsuite> <!-- GoogleTest -->
