<?xml version="1.0" encoding="UTF-8"?>
<!-- Generated by org.testng.reporters.JUnitReportReporter -->
<testsuite hostname="deepikas-mbp.lan" failures="0" tests="1" name="FirefoxTest" time="25.835" errors="0" timestamp="2023-07-11T15:02:18 PDT" skipped="0">
  <testcase classname="FirefoxTest" name="HomePageCheck" time="25.835"/>
  <system-out/>
</testsuite> <!-- FirefoxTest -->
