<?xml version="1.0" encoding="UTF-8"?>
<!-- Generated by org.testng.reporters.JUnitReportReporter -->
<testsuite hostname="deepikas-mbp.lan" failures="0" tests="1" name="com.amazon.tests.SignInTest" time="10.418" errors="0" timestamp="2023-09-05T13:15:56 PDT" skipped="0">
  <testcase classname="com.amazon.tests.SignInTest" name="SignIn" time="10.418"/>
  <system-out/>
</testsuite> <!-- com.amazon.tests.SignInTest -->
