<?xml version="1.0" encoding="UTF-8"?>
<!-- Generated by org.testng.reporters.JUnitReportReporter -->
<testsuite hostname="deepikas-mbp.lan" failures="0" tests="1" name="Tests.SignInTest" time="43.035" errors="0" timestamp="2023-08-31T11:19:21 PDT" skipped="0">
  <testcase classname="Tests.SignInTest" name="SignIn" time="43.035"/>
  <system-out/>
</testsuite> <!-- Tests.SignInTest -->
